Node 0 Fatal signal raised sig = Segmentation fault
 bdb05ee0 CX_Primitive_Error
 2c980cd0 seh_filter_exe
 bdb76e70 logical_right_shift
 2a08c4f0 _C_specific_handler
 2f1b0fd0 _chkstk
 2f15b040 RtlRaiseException
 2f1afbf0 KiUserExceptionDispatcher
 ff6f0000 Ordinal0
 bc4d3260 solver_update
 bc4d0440 Flow_Iterate
 bbeb16f0 ResetMixedInteriorThreadType
 bdb62420 eval
 bbfa7c20 PRF_Command_Start
 bbfaa400 PRF_Node_repl
 bbfaacc0 init_rsubrs
 bdb76e70 logical_right_shift
 2e6b7020 BaseThreadInitThunk
 2f15cea0 RtlUserThreadStart

Error [node 0] [time 10/16/20 0:18:26] Abnormal Exit!
Node 0 Fatal signal raised sig = Segmentation fault
 bdb05ee0 CX_Primitive_Error
 2c980cd0 seh_filter_exe
 bdb76e70 logical_right_shift
 2a08c4f0 _C_specific_handler
 2f1b0fd0 _chkstk
 2f15b040 RtlRaiseException
 2f1afbf0 KiUserExceptionDispatcher
 5270000 Ordinal0
 bc4d3260 solver_update
 bc4d0440 Flow_Iterate
 bbeb16f0 ResetMixedInteriorThreadType
 bdb62420 eval
 bbfa7c20 PRF_Command_Start
 bbfaa400 PRF_Node_repl
 bbfaacc0 init_rsubrs
 bdb76e70 logical_right_shift
 2e6b7020 BaseThreadInitThunk
 2f15cea0 RtlUserThreadStart

Error [node 0] [time 10/16/20 0:24:36] Abnormal Exit!
Node 0 Fatal signal raised sig = Segmentation fault
 18b95f50 CX_Primitive_Error
 2c980cd0 seh_filter_exe
 18c86af0 AF_Get_Node_Id
 2a08c4f0 _C_specific_handler
 2f1b0fd0 _chkstk
 2f15b040 RtlRaiseException
 2f1afbf0 KiUserExceptionDispatcher
 5270000 Ordinal0
 175497f0 solver_update
 17546750 Flow_Iterate
 16f11710 ResetMixedInteriorThreadType
 18bf2420 eval
 17008500 PRF_Command_Start
 1700ae00 PRF_Node_repl
 1700b6b0 init_rsubrs
 18c86af0 AF_Get_Node_Id
 2e6b7020 BaseThreadInitThunk
 2f15cea0 RtlUserThreadStart

Error [node 0] [time 10/16/20 0:41:22] Abnormal Exit!
